<?xml version="1.0" encoding="UTF-8"?><testsuite errors="0" failures="1" name="Main page" skipped="0" tests="1" time="17.24" timestamp="2020-01-26 09:31:24"><testcase name="test sign in function"><failure message="Expected enabled element was not enabled&#10;Build info: version: '3.141.59', revision: 'e82be7d358', time: '2018-11-14T08:17:03'&#10;System info: host: 'WIN-2KK8D6ESTAE', ip: '192.168.0.108', os.name: 'Windows 10', os.arch: 'amd64', os.version: '10.0', java.version: '1.8.0_231'&#10;Driver info: driver.version: unknown" type="net.thucydides.core.webdriver.exceptions.ElementShouldBeEnabledException">Expected enabled element was not enabled
Build info: version: '3.141.59', revision: 'e82be7d358', time: '2018-11-14T08:17:03'
System info: host: 'WIN-2KK8D6ESTAE', ip: '192.168.0.108', os.name: 'Windows 10', os.arch: 'amd64', os.version: '10.0', java.version: '1.8.0_231'
Driver info: driver.version: unknown</failure><system-err>Expected enabled element was not enabled
Build info: version: '3.141.59', revision: 'e82be7d358', time: '2018-11-14T08:17:03'
System info: host: 'WIN-2KK8D6ESTAE', ip: '192.168.0.108', os.name: 'Windows 10', os.arch: 'amd64', os.version: '10.0', java.version: '1.8.0_231'
Driver info: driver.version: unknown&#13;
testpackage.pages.MainPage.clickSignUpButton(MainPage.java:37)&#13;
testpackage.steps.MainSteps.clickSignUpButton(MainSteps.java:23)&#13;
</system-err></testcase></testsuite>