<?xml version="1.0" encoding="UTF-8" standalone="yes"?>
<ns2:test-suite start="1579620978699" stop="1579621076016" version="1.5.4" xmlns:ns2="urn:model.allure.qatools.yandex.ru">
    <name>Gradle suite : Gradle test</name>
    <title>Gradle suite : Gradle test</title>
    <test-cases>
        <test-case start="1579620979500" stop="1579621058516" status="broken">
            <name>feature[LogIn]</name>
            <description>Runs Cucumber Feature</description>
            <failure>
                <message>CucumberException: org.openqa.selenium.TimeoutException: Expected condition failed: waiting for element ([[FirefoxDriver: firefox on WINDOWS (a9cb84a7-8a87-4420-9e48-c90cb90c2e77)] -&gt; xpath: //button[@onclick='sign_in()']]) to become stale (tried for 60 second(s) with 500 milliseconds interval)
Build info: version: '4.0.0-alpha-3', revision: '8c567de6dc'
System info: host: 'WIN-H3K2C979116', ip: '192.168.31.20', os.name: 'Windows 10', os.arch: 'amd64', os.version: '10.0', java.version: '1.8.0_231'
Driver info: org.openqa.selenium.firefox.FirefoxDriver
Capabilities {acceptInsecureCerts: false, browserName: firefox, browserVersion: 72.0.1, javascriptEnabled: true, moz:accessibilityChecks: false, moz:buildID: 20200107212822, moz:geckodriverVersion: 0.26.0, moz:headless: false, moz:processID: 15264, moz:profile: C:\Users\User\AppData\Local..., moz:shutdownTimeout: 60000, moz:useNonSpecCompliantPointerOrigin: false, moz:webdriverClick: true, pageLoadStrategy: eager, platform: WINDOWS, platformName: WINDOWS, platformVersion: 10.0, rotatable: false, setWindowRect: true, strictFileInteractability: false, timeouts: {implicit: 0, pageLoad: 300000, script: 30000}, unhandledPromptBehavior: dismiss and notify}
Session ID: a9cb84a7-8a87-4420-9e48-c90cb90c2e77</message>
                <stack-trace>cucumber.runtime.CucumberException: org.openqa.selenium.TimeoutException: Expected
                    condition failed: waiting for element ([[FirefoxDriver: firefox on WINDOWS
                    (a9cb84a7-8a87-4420-9e48-c90cb90c2e77)] -&gt; xpath: //button[@onclick='sign_in()']]) to become
                    stale (tried for 60 second(s) with 500 milliseconds interval)
                    Build info: version: '4.0.0-alpha-3', revision: '8c567de6dc'
                    System info: host: 'WIN-H3K2C979116', ip: '192.168.31.20', os.name: 'Windows 10', os.arch: 'amd64',
                    os.version: '10.0', java.version: '1.8.0_231'
                    Driver info: org.openqa.selenium.firefox.FirefoxDriver
                    Capabilities {acceptInsecureCerts: false, browserName: firefox, browserVersion: 72.0.1,
                    javascriptEnabled: true, moz:accessibilityChecks: false, moz:buildID: 20200107212822,
                    moz:geckodriverVersion: 0.26.0, moz:headless: false, moz:processID: 15264, moz:profile:
                    C:\Users\User\AppData\Local..., moz:shutdownTimeout: 60000, moz:useNonSpecCompliantPointerOrigin:
                    false, moz:webdriverClick: true, pageLoadStrategy: eager, platform: WINDOWS, platformName: WINDOWS,
                    platformVersion: 10.0, rotatable: false, setWindowRect: true, strictFileInteractability: false,
                    timeouts: {implicit: 0, pageLoad: 300000, script: 30000}, unhandledPromptBehavior: dismiss and
                    notify}
                    Session ID: a9cb84a7-8a87-4420-9e48-c90cb90c2e77&#13;
                    at cucumber.api.testng.TestNGCucumberRunner.runCucumber(TestNGCucumberRunner.java:69)&#13;
                    at cucumber.api.testng.AbstractTestNGCucumberTests.feature(AbstractTestNGCucumberTests.java:21)&#13;
                    at sun.reflect.NativeMethodAccessorImpl.invoke0(Native Method)&#13;
                    at sun.reflect.NativeMethodAccessorImpl.invoke(NativeMethodAccessorImpl.java:62)&#13;
                    at sun.reflect.DelegatingMethodAccessorImpl.invoke(DelegatingMethodAccessorImpl.java:43)&#13;
                    at java.lang.reflect.Method.invoke(Method.java:498)&#13;
                    at org.testng.internal.MethodInvocationHelper.invokeMethod(MethodInvocationHelper.java:133)&#13;
                    at org.testng.internal.TestInvoker.invokeMethod(TestInvoker.java:584)&#13;
                    at org.testng.internal.TestInvoker.invokeTestMethod(TestInvoker.java:172)&#13;
                    at org.testng.internal.MethodRunner.runInSequence(MethodRunner.java:46)&#13;
                    at org.testng.internal.TestInvoker$MethodInvocationAgent.invoke(TestInvoker.java:804)&#13;
                    at org.testng.internal.TestInvoker.invokeTestMethods(TestInvoker.java:145)&#13;
                    at org.testng.internal.TestMethodWorker.invokeTestMethods(TestMethodWorker.java:146)&#13;
                    at org.testng.internal.TestMethodWorker.run(TestMethodWorker.java:128)&#13;
                    at java.util.ArrayList.forEach(ArrayList.java:1257)&#13;
                    at org.testng.TestRunner.privateRun(TestRunner.java:770)&#13;
                    at org.testng.TestRunner.run(TestRunner.java:591)&#13;
                    at org.testng.SuiteRunner.runTest(SuiteRunner.java:402)&#13;
                    at org.testng.SuiteRunner.runSequentially(SuiteRunner.java:396)&#13;
                    at org.testng.SuiteRunner.privateRun(SuiteRunner.java:355)&#13;
                    at org.testng.SuiteRunner.run(SuiteRunner.java:304)&#13;
                    at org.testng.SuiteRunnerWorker.runSuite(SuiteRunnerWorker.java:53)&#13;
                    at org.testng.SuiteRunnerWorker.run(SuiteRunnerWorker.java:96)&#13;
                    at org.testng.TestNG.runSuitesSequentially(TestNG.java:1180)&#13;
                    at org.testng.TestNG.runSuitesLocally(TestNG.java:1102)&#13;
                    at org.testng.TestNG.runSuites(TestNG.java:1032)&#13;
                    at org.testng.TestNG.run(TestNG.java:1000)&#13;
                    at
                    org.gradle.api.internal.tasks.testing.testng.TestNGTestClassProcessor.runTests(TestNGTestClassProcessor.java:141)&#13;
                    at
                    org.gradle.api.internal.tasks.testing.testng.TestNGTestClassProcessor.stop(TestNGTestClassProcessor.java:90)&#13;
                    at
                    org.gradle.api.internal.tasks.testing.SuiteTestClassProcessor.stop(SuiteTestClassProcessor.java:61)&#13;
                    at sun.reflect.NativeMethodAccessorImpl.invoke0(Native Method)&#13;
                    at sun.reflect.NativeMethodAccessorImpl.invoke(NativeMethodAccessorImpl.java:62)&#13;
                    at sun.reflect.DelegatingMethodAccessorImpl.invoke(DelegatingMethodAccessorImpl.java:43)&#13;
                    at java.lang.reflect.Method.invoke(Method.java:498)&#13;
                    at org.gradle.internal.dispatch.ReflectionDispatch.dispatch(ReflectionDispatch.java:36)&#13;
                    at org.gradle.internal.dispatch.ReflectionDispatch.dispatch(ReflectionDispatch.java:24)&#13;
                    at
                    org.gradle.internal.dispatch.ContextClassLoaderDispatch.dispatch(ContextClassLoaderDispatch.java:33)&#13;
                    at
                    org.gradle.internal.dispatch.ProxyDispatchAdapter$DispatchingInvocationHandler.invoke(ProxyDispatchAdapter.java:94)&#13;
                    at com.sun.proxy.$Proxy2.stop(Unknown Source)&#13;
                    at org.gradle.api.internal.tasks.testing.worker.TestWorker.stop(TestWorker.java:132)&#13;
                    at sun.reflect.NativeMethodAccessorImpl.invoke0(Native Method)&#13;
                    at sun.reflect.NativeMethodAccessorImpl.invoke(NativeMethodAccessorImpl.java:62)&#13;
                    at sun.reflect.DelegatingMethodAccessorImpl.invoke(DelegatingMethodAccessorImpl.java:43)&#13;
                    at java.lang.reflect.Method.invoke(Method.java:498)&#13;
                    at org.gradle.internal.dispatch.ReflectionDispatch.dispatch(ReflectionDispatch.java:36)&#13;
                    at org.gradle.internal.dispatch.ReflectionDispatch.dispatch(ReflectionDispatch.java:24)&#13;
                    at
                    org.gradle.internal.remote.internal.hub.MessageHubBackedObjectConnection$DispatchWrapper.dispatch(MessageHubBackedObjectConnection.java:182)&#13;
                    at
                    org.gradle.internal.remote.internal.hub.MessageHubBackedObjectConnection$DispatchWrapper.dispatch(MessageHubBackedObjectConnection.java:164)&#13;
                    at org.gradle.internal.remote.internal.hub.MessageHub$Handler.run(MessageHub.java:412)&#13;
                    at
                    org.gradle.internal.concurrent.ExecutorPolicy$CatchAndRecordFailures.onExecute(ExecutorPolicy.java:64)&#13;
                    at org.gradle.internal.concurrent.ManagedExecutorImpl$1.run(ManagedExecutorImpl.java:48)&#13;
                    at java.util.concurrent.ThreadPoolExecutor.runWorker(ThreadPoolExecutor.java:1149)&#13;
                    at java.util.concurrent.ThreadPoolExecutor$Worker.run(ThreadPoolExecutor.java:624)&#13;
                    at
                    org.gradle.internal.concurrent.ThreadFactoryImpl$ManagedThreadRunnable.run(ThreadFactoryImpl.java:56)&#13;
                    at java.lang.Thread.run(Thread.java:748)&#13;
                    Caused by: org.openqa.selenium.TimeoutException: Expected condition failed: waiting for element
                    ([[FirefoxDriver: firefox on WINDOWS (a9cb84a7-8a87-4420-9e48-c90cb90c2e77)] -&gt; xpath:
                    //button[@onclick='sign_in()']]) to become stale (tried for 60 second(s) with 500 milliseconds
                    interval)
                    Build info: version: '4.0.0-alpha-3', revision: '8c567de6dc'
                    System info: host: 'WIN-H3K2C979116', ip: '192.168.31.20', os.name: 'Windows 10', os.arch: 'amd64',
                    os.version: '10.0', java.version: '1.8.0_231'
                    Driver info: org.openqa.selenium.firefox.FirefoxDriver
                    Capabilities {acceptInsecureCerts: false, browserName: firefox, browserVersion: 72.0.1,
                    javascriptEnabled: true, moz:accessibilityChecks: false, moz:buildID: 20200107212822,
                    moz:geckodriverVersion: 0.26.0, moz:headless: false, moz:processID: 15264, moz:profile:
                    C:\Users\User\AppData\Local..., moz:shutdownTimeout: 60000, moz:useNonSpecCompliantPointerOrigin:
                    false, moz:webdriverClick: true, pageLoadStrategy: eager, platform: WINDOWS, platformName: WINDOWS,
                    platformVersion: 10.0, rotatable: false, setWindowRect: true, strictFileInteractability: false,
                    timeouts: {implicit: 0, pageLoad: 300000, script: 30000}, unhandledPromptBehavior: dismiss and
                    notify}
                    Session ID: a9cb84a7-8a87-4420-9e48-c90cb90c2e77&#13;
                    at org.openqa.selenium.support.ui.WebDriverWait.timeoutException(WebDriverWait.java:138)&#13;
                    at org.openqa.selenium.support.ui.FluentWait.until(FluentWait.java:234)&#13;
                    at testpackage.appmanager.ElementHelper.waitElementExpected(ElementHelper.java:35)&#13;
                    at testpackage.tests.bdd.tests.BddLogInTest.assertResults(BddLogInTest.java:43)&#13;
                    at âœ½.Then user gets confirmation(bdd_tests/BddLogInTest.feature:6)&#13;
                </stack-trace>
            </failure>
            <steps/>
            <attachments/>
            <labels>
                <label name="testSuite" value="Gradle suite"/>
                <label name="testGroup" value="Gradle test"/>
                <label name="testClass" value="testpackage.tests.bdd.RunBddTests"/>
                <label name="testMethod" value="feature"/>
                <label name="host" value="WIN-H3K2C979116"/>
                <label name="thread" value="16276@WIN-H3K2C979116.Test worker(14)"/>
            </labels>
        </test-case>
        <test-case start="1579621058520" stop="1579621075980" status="passed">
            <name>feature[SignIn]</name>
            <description>Runs Cucumber Feature</description>
            <steps/>
            <attachments/>
            <labels>
                <label name="testSuite" value="Gradle suite"/>
                <label name="testGroup" value="Gradle test"/>
                <label name="testClass" value="testpackage.tests.bdd.RunBddTests"/>
                <label name="testMethod" value="feature"/>
                <label name="host" value="WIN-H3K2C979116"/>
                <label name="thread" value="16276@WIN-H3K2C979116.Test worker(14)"/>
            </labels>
        </test-case>
    </test-cases>
    <labels>
        <label name="framework" value="TestNG"/>
        <label name="language" value="JAVA"/>
    </labels>
</ns2:test-suite>
